2022-06-23 14:46:18,113 INFO    : *************************
2022-06-23 14:46:39,218 INFO    : Initialize...
2022-06-23 15:00:38,653 INFO    : EVOLVE[0-gen]-Begin to evaluate the fitness
2022-06-23 15:00:38,654 INFO    : Begin to generate python files
2022-06-23 15:00:38,675 INFO    : Finish the generation of python files
2022-06-23 15:00:38,675 INFO    : Query fitness from cache
2022-06-23 15:00:38,675 INFO    : Total hit 0 individuals for fitness
2022-06-23 15:01:38,987 INFO    : GPU_QUERY-GPU#0 is available, choose GPU#0
2022-06-23 15:01:38,988 INFO    : Begin to train indi0000
2022-06-23 15:02:55,204 INFO    : GPU_QUERY-GPU#0 is available, choose GPU#0
2022-06-23 15:02:55,205 INFO    : Begin to train indi0001
2022-06-23 15:03:55,320 INFO    : GPU_QUERY-GPU#0 is available, choose GPU#0
2022-06-23 15:03:55,320 INFO    : Begin to train indi0002
2022-06-23 15:08:55,441 INFO    : GPU_QUERY-GPU#0 is available, choose GPU#0
2022-06-23 15:11:34,729 INFO    : *************************
2022-06-23 15:11:38,774 INFO    : Initialize from existing population data
2022-06-23 15:11:41,482 INFO    : Initialize from 0-th generation
2022-06-23 15:11:45,987 INFO    : EVOLVE[0-gen]-Begin to evaluate the fitness
2022-06-23 15:11:46,859 INFO    : Begin to generate python files
2022-06-23 15:11:46,866 INFO    : Finish the generation of python files
2022-06-23 15:11:46,866 INFO    : Query fitness from cache
2022-06-23 15:11:46,867 INFO    : Total hit 0 individuals for fitness
2022-06-23 15:11:46,867 INFO    : indi0000 has inherited the fitness as 0.00000, no need to evaluate
2022-06-23 15:11:46,867 INFO    : indi0001 has inherited the fitness as 0.00000, no need to evaluate
2022-06-23 15:11:46,867 INFO    : indi0002 has inherited the fitness as 0.00000, no need to evaluate
2022-06-23 15:11:46,868 INFO    : None offspring has been evaluated
2022-06-23 15:11:46,868 INFO    : Add record into cache, id:25d44aa05e72754a62df9908034d642a5e19e5223f7e9325006215ba, acc:0.00000
2022-06-23 15:11:46,869 INFO    : Add record into cache, id:be7bfc9bad2ea1169f3639d6e9a106d0f415b4ca25f5f440188c40b3, acc:0.00000
2022-06-23 15:11:46,869 INFO    : Add record into cache, id:25db6555adfa74c11c044d3ffe88675172adf6c4d686b8a9486fb074, acc:0.00000
2022-06-23 15:11:47,420 INFO    : EVOLVE[0-gen]-Finish the evaluation
2022-06-23 15:11:50,173 INFO    : EVOLVE[1-gen]-Begin to crossover and mutation
2022-06-23 15:11:50,773 WARNING : The 2-th try to find the position for do crossover
2022-06-23 15:11:50,773 WARNING : The 3-th try to find the position for do crossover
2022-06-23 15:11:50,773 WARNING : The 4-th try to find the position for do crossover
2022-06-23 15:11:50,773 INFO    : Position 9 for indi0001, positions 7 for indi0002
2022-06-23 15:11:50,773 INFO    : Change the input channel of unit at 9 to 64 that is the output channel of unit at 8 in indi0001
2022-06-23 15:11:50,774 INFO    : Change the input channel of unit at 7 to 256 that is the output channel of unit at 6 in indi0002
2022-06-23 15:11:50,774 INFO    : CROSSOVER-2 offspring are generated, new:2, others:0
2022-06-23 15:11:50,776 INFO    : Do the ALTER mutation for indi:indi0001
2022-06-23 15:11:50,776 INFO    : Do the POOLING mutation for indi:indi0001 at position 3
2022-06-23 15:11:50,776 INFO    : Pool type from max_pool (<0.5) to avg_pool (>0.5)
2022-06-23 15:11:50,776 INFO    : Do the REMOVE mutation for indi:indi0002
2022-06-23 15:11:50,776 INFO    : Mutation position occurs at 7
2022-06-23 15:11:50,776 INFO    : Due to the above mutation, unit at 8 changes its input channel from 64 to 256
2022-06-23 15:11:50,777 INFO    : MUTATION-mutated individuals:2[ADD: 0,REMOVE: 1,ALTER: 1,RESNET_OUT_CHANNEL: 0, RESNET_AMOUNT: 0, DENSENET_AMOUNT: 0, POOLING_TYPE: 1, no_changes:0
2022-06-23 15:11:51,344 INFO    : EVOLVE[1-gen]-Finish crossover and mutation
2022-06-23 15:11:51,829 INFO    : EVOLVE[1-gen]-Begin to evaluate the fitness
2022-06-23 15:11:52,295 INFO    : Begin to generate python files
2022-06-23 15:11:52,300 INFO    : Finish the generation of python files
2022-06-23 15:11:52,301 INFO    : Query fitness from cache
2022-06-23 15:11:52,301 INFO    : Total hit 0 individuals for fitness
2022-06-23 15:13:23,008 INFO    : *************************
2022-06-23 15:13:23,009 INFO    : Initialize from existing population data
2022-06-23 15:13:23,010 INFO    : Initialize from 0-th generation
2022-06-23 15:13:23,024 INFO    : EVOLVE[0-gen]-Begin to evaluate the fitness
2022-06-23 15:13:23,024 INFO    : Begin to generate python files
2022-06-23 15:13:23,030 INFO    : Finish the generation of python files
2022-06-23 15:13:23,030 INFO    : Query fitness from cache
2022-06-23 15:13:23,030 INFO    : Hit the cache for indi0000, key:25d44aa05e72754a62df9908034d642a5e19e5223f7e9325006215ba, acc:0.00000, assigned_acc:0.00000
2022-06-23 15:13:23,031 INFO    : Hit the cache for indi0001, key:be7bfc9bad2ea1169f3639d6e9a106d0f415b4ca25f5f440188c40b3, acc:0.00000, assigned_acc:0.00000
2022-06-23 15:13:23,031 INFO    : Hit the cache for indi0002, key:25db6555adfa74c11c044d3ffe88675172adf6c4d686b8a9486fb074, acc:0.00000, assigned_acc:0.00000
2022-06-23 15:13:23,031 INFO    : Total hit 3 individuals for fitness
2022-06-23 15:13:23,032 INFO    : indi0000 has inherited the fitness as 0.00000, no need to evaluate
2022-06-23 15:13:23,032 INFO    : indi0001 has inherited the fitness as 0.00000, no need to evaluate
2022-06-23 15:13:23,033 INFO    : indi0002 has inherited the fitness as 0.00000, no need to evaluate
2022-06-23 15:13:23,033 INFO    : None offspring has been evaluated
2022-06-23 15:13:23,034 INFO    : EVOLVE[0-gen]-Finish the evaluation
2022-06-23 15:13:23,034 INFO    : EVOLVE[1-gen]-Begin to crossover and mutation
2022-06-23 15:13:23,037 INFO    : Position 7 for indi0001, positions 8 for indi0000
2022-06-23 15:13:23,037 INFO    : Change the input channel of unit at 9 to 128 that is the output channel of unit at 7 in indi0000
2022-06-23 15:13:23,037 INFO    : CROSSOVER-2 offspring are generated, new:2, others:0
2022-06-23 15:13:23,039 INFO    : Do the ADD mutation for indi:indi0001
2022-06-23 15:13:23,039 INFO    : Mutation position occurs at 5
2022-06-23 15:13:23,039 INFO    : A DENSENET unit would be added due to the probability of 0.96
2022-06-23 15:13:23,039 INFO    : MUTATION-mutated individuals:1[ADD: 1,REMOVE: 0,ALTER: 0,RESNET_OUT_CHANNEL: 0, RESNET_AMOUNT: 0, DENSENET_AMOUNT: 0, POOLING_TYPE: 0, no_changes:1
2022-06-23 15:13:23,043 INFO    : EVOLVE[1-gen]-Finish crossover and mutation
2022-06-23 15:13:23,044 INFO    : EVOLVE[1-gen]-Begin to evaluate the fitness
2022-06-23 15:13:23,044 INFO    : Begin to generate python files
2022-06-23 15:13:23,048 INFO    : Finish the generation of python files
2022-06-23 15:13:23,049 INFO    : Query fitness from cache
2022-06-23 15:13:23,050 INFO    : Total hit 0 individuals for fitness
2022-06-23 15:13:37,176 INFO    : *************************
2022-06-23 15:13:37,176 INFO    : Initialize from existing population data
2022-06-23 15:13:37,177 INFO    : Initialize from 0-th generation
2022-06-23 15:13:37,192 INFO    : EVOLVE[0-gen]-Begin to evaluate the fitness
2022-06-23 15:13:37,192 INFO    : Begin to generate python files
2022-06-23 15:13:37,198 INFO    : Finish the generation of python files
2022-06-23 15:13:37,198 INFO    : Query fitness from cache
2022-06-23 15:13:37,199 INFO    : Hit the cache for indi0000, key:25d44aa05e72754a62df9908034d642a5e19e5223f7e9325006215ba, acc:0.00000, assigned_acc:0.00000
2022-06-23 15:13:37,199 INFO    : Hit the cache for indi0001, key:be7bfc9bad2ea1169f3639d6e9a106d0f415b4ca25f5f440188c40b3, acc:0.00000, assigned_acc:0.00000
2022-06-23 15:13:37,200 INFO    : Hit the cache for indi0002, key:25db6555adfa74c11c044d3ffe88675172adf6c4d686b8a9486fb074, acc:0.00000, assigned_acc:0.00000
2022-06-23 15:13:37,200 INFO    : Total hit 3 individuals for fitness
2022-06-23 15:13:37,200 INFO    : indi0000 has inherited the fitness as 0.00000, no need to evaluate
2022-06-23 15:13:37,201 INFO    : indi0001 has inherited the fitness as 0.00000, no need to evaluate
2022-06-23 15:13:37,201 INFO    : indi0002 has inherited the fitness as 0.00000, no need to evaluate
2022-06-23 15:13:37,201 INFO    : None offspring has been evaluated
2022-06-23 15:13:37,202 INFO    : EVOLVE[0-gen]-Finish the evaluation
2022-06-23 15:13:37,202 INFO    : EVOLVE[1-gen]-Begin to crossover and mutation
2022-06-23 15:13:37,205 WARNING : The 2-th try to find the position for do crossover
2022-06-23 15:13:37,205 WARNING : The 3-th try to find the position for do crossover
2022-06-23 15:13:37,205 WARNING : The 4-th try to find the position for do crossover
2022-06-23 15:13:37,205 WARNING : The 5-th try to find the position for do crossover
2022-06-23 15:13:37,205 WARNING : The 6-th try to find the position for do crossover
2022-06-23 15:13:37,206 INFO    : Position 0 for indi0002, positions 3 for indi0001
2022-06-23 15:13:37,206 WARNING : Crossovered individual#1 starts with a pooling layer, redo...
2022-06-23 15:13:37,206 INFO    : Position 1 for indi0002, positions 1 for indi0001
2022-06-23 15:13:37,206 INFO    : Change the input channel of unit at 1 to 83 that is the output channel of unit at 0 in indi0002
2022-06-23 15:13:37,206 INFO    : Change the input channel of unit at 5 to 63 that is the output channel of unit at 0 in indi0001
2022-06-23 15:13:37,206 INFO    : Due to the above change, unit at 5 changes its output channel from 264 to 263
2022-06-23 15:13:37,206 INFO    : Change the input channel of unit at 6 to 263 that is the output channel of unit at 0 in indi0001
2022-06-23 15:13:37,207 INFO    : CROSSOVER-2 offspring are generated, new:2, others:0
2022-06-23 15:13:37,208 INFO    : MUTATION-mutated individuals:0[ADD: 0,REMOVE: 0,ALTER: 0,RESNET_OUT_CHANNEL: 0, RESNET_AMOUNT: 0, DENSENET_AMOUNT: 0, POOLING_TYPE: 0, no_changes:2
2022-06-23 15:13:37,212 INFO    : EVOLVE[1-gen]-Finish crossover and mutation
2022-06-23 15:13:37,212 INFO    : EVOLVE[1-gen]-Begin to evaluate the fitness
2022-06-23 15:13:37,212 INFO    : Begin to generate python files
2022-06-23 15:13:37,217 INFO    : Finish the generation of python files
2022-06-23 15:13:37,217 INFO    : Query fitness from cache
2022-06-23 15:13:37,218 INFO    : Total hit 0 individuals for fitness
2022-06-23 15:14:37,390 INFO    : GPU_QUERY-GPU#0 is available, choose GPU#0
2022-06-23 15:14:37,391 INFO    : Begin to train indi0000
2022-06-23 15:21:27,096 INFO    : *************************
2022-06-23 15:21:46,496 INFO    : Initialize...
2022-06-23 15:47:25,729 INFO    : EVOLVE[0-gen]-Begin to evaluate the fitness
2022-06-23 15:47:33,776 INFO    : Begin to generate python files
2022-06-23 16:18:07,200 INFO    : *************************
2022-06-23 16:18:07,201 INFO    : Initialize from existing population data
2022-06-23 16:18:19,204 INFO    : *************************
2022-06-23 16:18:19,205 INFO    : Initialize...
2022-06-23 16:18:19,207 INFO    : EVOLVE[0-gen]-Begin to evaluate the fitness
2022-06-23 16:18:19,207 INFO    : Begin to generate python files
2022-06-23 16:18:19,228 INFO    : Finish the generation of python files
2022-06-23 16:18:19,228 INFO    : Query fitness from cache
2022-06-23 16:18:19,229 INFO    : Total hit 0 individuals for fitness
2022-06-23 16:20:09,535 INFO    : *************************
2022-06-23 16:20:09,536 INFO    : Initialize from existing population data
2022-06-23 16:20:09,536 INFO    : Initialize from 0-th generation
2022-06-23 16:20:09,543 INFO    : EVOLVE[0-gen]-Begin to evaluate the fitness
2022-06-23 16:20:09,543 INFO    : Begin to generate python files
2022-06-23 16:20:09,548 INFO    : Finish the generation of python files
2022-06-23 16:20:09,548 INFO    : Query fitness from cache
2022-06-23 16:20:09,548 INFO    : Total hit 0 individuals for fitness
2022-06-23 16:21:09,555 INFO    : Begin to train indi0000
2022-06-23 16:22:10,178 INFO    : Begin to train indi0001
2022-06-23 15:52:56,219 INFO    : *************************
2022-06-23 15:52:56,219 INFO    : Initialize...
2022-06-23 15:52:56,221 INFO    : EVOLVE[0-gen]-Begin to evaluate the fitness
2022-06-23 15:52:56,221 INFO    : Begin to generate python files
2022-06-23 15:52:56,230 INFO    : Finish the generation of python files
2022-06-23 15:52:56,230 INFO    : Query fitness from cache
2022-06-23 15:52:56,231 INFO    : Total hit 0 individuals for fitness
2022-06-23 15:53:56,291 INFO    : Begin to train indi0000
2022-06-23 15:58:08,834 INFO    : *************************
2022-06-23 15:58:08,835 INFO    : Initialize...
2022-06-23 15:58:08,837 INFO    : EVOLVE[0-gen]-Begin to evaluate the fitness
2022-06-23 15:58:08,837 INFO    : Begin to generate python files
2022-06-23 15:58:08,847 INFO    : Finish the generation of python files
2022-06-23 15:58:08,847 INFO    : Query fitness from cache
2022-06-23 15:58:08,848 INFO    : Total hit 0 individuals for fitness
2022-06-23 15:59:08,908 INFO    : Begin to train indi0000
2022-06-23 16:00:09,547 INFO    : Begin to train indi0001
2022-06-23 16:01:09,612 INFO    : Begin to train indi0002
2022-06-23 16:02:09,629 INFO    : Begin to train indi0003
2022-06-23 16:03:09,692 INFO    : Begin to train indi0004
2022-06-23 16:04:09,756 INFO    : Begin to train indi0005
2022-06-23 16:05:09,819 INFO    : Begin to train indi0006
2022-06-23 16:06:09,886 INFO    : Begin to train indi0007
2022-06-23 16:07:09,952 INFO    : Begin to train indi0008
2022-06-24 08:13:28,395 INFO    : *************************
2022-06-24 08:13:28,396 INFO    : Initialize from existing population data
2022-06-24 08:13:28,396 INFO    : Initialize from 0-th generation
2022-06-24 08:13:28,418 INFO    : EVOLVE[0-gen]-Begin to evaluate the fitness
2022-06-24 08:13:28,418 INFO    : Begin to generate python files
2022-06-24 08:13:28,450 INFO    : Finish the generation of python files
2022-06-24 08:13:28,450 INFO    : Query fitness from cache
2022-06-24 08:13:28,451 INFO    : Total hit 0 individuals for fitness
2022-06-24 08:13:28,451 INFO    : indi0000 has inherited the fitness as 0.00000, no need to evaluate
2022-06-24 08:13:28,451 INFO    : indi0001 has inherited the fitness as 0.00000, no need to evaluate
2022-06-24 08:13:28,451 INFO    : indi0002 has inherited the fitness as 0.00000, no need to evaluate
2022-06-24 08:13:28,452 INFO    : indi0003 has inherited the fitness as 0.00000, no need to evaluate
2022-06-24 08:13:28,452 INFO    : indi0004 has inherited the fitness as 0.00000, no need to evaluate
2022-06-24 08:13:28,452 INFO    : indi0005 has inherited the fitness as 0.00000, no need to evaluate
2022-06-24 08:13:28,452 INFO    : indi0006 has inherited the fitness as 0.00000, no need to evaluate
2022-06-24 08:14:28,513 INFO    : Begin to train indi0007
2022-06-24 08:21:18,875 INFO    : *************************
2022-06-24 08:21:18,876 INFO    : Initialize from existing population data
2022-06-24 08:21:18,876 INFO    : Initialize from 0-th generation
2022-06-24 08:21:18,898 INFO    : EVOLVE[0-gen]-Begin to evaluate the fitness
2022-06-24 08:21:18,898 INFO    : Begin to generate python files
2022-06-24 08:21:18,930 INFO    : Finish the generation of python files
2022-06-24 08:21:18,930 INFO    : Query fitness from cache
2022-06-24 08:21:18,931 INFO    : Total hit 0 individuals for fitness
2022-06-24 08:21:18,931 INFO    : indi0000 has inherited the fitness as 0.00000, no need to evaluate
2022-06-24 08:21:18,931 INFO    : indi0001 has inherited the fitness as 0.00000, no need to evaluate
2022-06-24 08:21:18,932 INFO    : indi0002 has inherited the fitness as 0.00000, no need to evaluate
2022-06-24 08:21:18,932 INFO    : indi0003 has inherited the fitness as 0.00000, no need to evaluate
2022-06-24 08:21:18,932 INFO    : indi0004 has inherited the fitness as 0.00000, no need to evaluate
2022-06-24 08:21:18,932 INFO    : indi0005 has inherited the fitness as 0.00000, no need to evaluate
2022-06-24 08:21:18,932 INFO    : indi0006 has inherited the fitness as 0.00000, no need to evaluate
2022-06-24 08:22:18,993 INFO    : Begin to train indi0007
2022-06-24 09:26:37,071 INFO    : *************************
2022-06-24 09:26:37,071 INFO    : Initialize...
2022-06-24 09:26:37,072 INFO    : EVOLVE[0-gen]-Begin to evaluate the fitness
2022-06-24 09:26:37,072 INFO    : Begin to generate python files
2022-06-24 09:26:37,075 INFO    : Finish the generation of python files
2022-06-24 09:26:37,075 INFO    : Query fitness from cache
2022-06-24 09:26:37,075 INFO    : Total hit 0 individuals for fitness
2022-06-24 09:27:37,136 INFO    : Begin to train indi0000
2022-06-24 09:28:37,779 INFO    : Begin to train indi0001
2023-04-07 16:16:25,290 INFO    : *************************
2023-04-07 16:16:25,291 INFO    : Initialize...
2023-04-07 16:16:25,297 INFO    : EVOLVE[0-gen]-Begin to evaluate the fitness
2023-04-07 16:16:25,297 INFO    : Begin to generate python files
2023-04-07 16:16:25,359 INFO    : Finish the generation of python files
2023-04-07 16:16:25,360 INFO    : Query fitness from cache
2023-04-07 16:16:25,361 INFO    : Total hit 0 individuals for fitness
2023-04-07 16:17:25,501 INFO    : GPU_QUERY-GPU#1 is available, choose GPU#1
2023-04-07 16:17:25,501 INFO    : Begin to train indi0000
