2022-06-23 14:46:18,113 INFO    : *************************
2022-06-23 14:46:39,218 INFO    : Initialize...
2022-06-23 15:00:38,653 INFO    : EVOLVE[0-gen]-Begin to evaluate the fitness
2022-06-23 15:00:38,654 INFO    : Begin to generate python files
2022-06-23 15:00:38,675 INFO    : Finish the generation of python files
2022-06-23 15:00:38,675 INFO    : Query fitness from cache
2022-06-23 15:00:38,675 INFO    : Total hit 0 individuals for fitness
2022-06-23 15:01:38,987 INFO    : GPU_QUERY-GPU#0 is available, choose GPU#0
2022-06-23 15:01:38,988 INFO    : Begin to train indi0000
2022-06-23 15:02:55,204 INFO    : GPU_QUERY-GPU#0 is available, choose GPU#0
2022-06-23 15:02:55,205 INFO    : Begin to train indi0001
2022-06-23 15:03:55,320 INFO    : GPU_QUERY-GPU#0 is available, choose GPU#0
2022-06-23 15:03:55,320 INFO    : Begin to train indi0002
2022-06-23 15:08:55,441 INFO    : GPU_QUERY-GPU#0 is available, choose GPU#0
2022-06-23 15:11:34,729 INFO    : *************************
2022-06-23 15:11:38,774 INFO    : Initialize from existing population data
2022-06-23 15:11:41,482 INFO    : Initialize from 0-th generation
2022-06-23 15:11:45,987 INFO    : EVOLVE[0-gen]-Begin to evaluate the fitness
2022-06-23 15:11:46,859 INFO    : Begin to generate python files
2022-06-23 15:11:46,866 INFO    : Finish the generation of python files
2022-06-23 15:11:46,866 INFO    : Query fitness from cache
2022-06-23 15:11:46,867 INFO    : Total hit 0 individuals for fitness
2022-06-23 15:11:46,867 INFO    : indi0000 has inherited the fitness as 0.00000, no need to evaluate
2022-06-23 15:11:46,867 INFO    : indi0001 has inherited the fitness as 0.00000, no need to evaluate
2022-06-23 15:11:46,867 INFO    : indi0002 has inherited the fitness as 0.00000, no need to evaluate
2022-06-23 15:11:46,868 INFO    : None offspring has been evaluated
2022-06-23 15:11:46,868 INFO    : Add record into cache, id:25d44aa05e72754a62df9908034d642a5e19e5223f7e9325006215ba, acc:0.00000
2022-06-23 15:11:46,869 INFO    : Add record into cache, id:be7bfc9bad2ea1169f3639d6e9a106d0f415b4ca25f5f440188c40b3, acc:0.00000
2022-06-23 15:11:46,869 INFO    : Add record into cache, id:25db6555adfa74c11c044d3ffe88675172adf6c4d686b8a9486fb074, acc:0.00000
2022-06-23 15:11:47,420 INFO    : EVOLVE[0-gen]-Finish the evaluation
2022-06-23 15:11:50,173 INFO    : EVOLVE[1-gen]-Begin to crossover and mutation
2022-06-23 15:11:50,773 WARNING : The 2-th try to find the position for do crossover
2022-06-23 15:11:50,773 WARNING : The 3-th try to find the position for do crossover
2022-06-23 15:11:50,773 WARNING : The 4-th try to find the position for do crossover
2022-06-23 15:11:50,773 INFO    : Position 9 for indi0001, positions 7 for indi0002
2022-06-23 15:11:50,773 INFO    : Change the input channel of unit at 9 to 64 that is the output channel of unit at 8 in indi0001
2022-06-23 15:11:50,774 INFO    : Change the input channel of unit at 7 to 256 that is the output channel of unit at 6 in indi0002
2022-06-23 15:11:50,774 INFO    : CROSSOVER-2 offspring are generated, new:2, others:0
2022-06-23 15:11:50,776 INFO    : Do the ALTER mutation for indi:indi0001
2022-06-23 15:11:50,776 INFO    : Do the POOLING mutation for indi:indi0001 at position 3
2022-06-23 15:11:50,776 INFO    : Pool type from max_pool (<0.5) to avg_pool (>0.5)
2022-06-23 15:11:50,776 INFO    : Do the REMOVE mutation for indi:indi0002
2022-06-23 15:11:50,776 INFO    : Mutation position occurs at 7
2022-06-23 15:11:50,776 INFO    : Due to the above mutation, unit at 8 changes its input channel from 64 to 256
2022-06-23 15:11:50,777 INFO    : MUTATION-mutated individuals:2[ADD: 0,REMOVE: 1,ALTER: 1,RESNET_OUT_CHANNEL: 0, RESNET_AMOUNT: 0, DENSENET_AMOUNT: 0, POOLING_TYPE: 1, no_changes:0
2022-06-23 15:11:51,344 INFO    : EVOLVE[1-gen]-Finish crossover and mutation
2022-06-23 15:11:51,829 INFO    : EVOLVE[1-gen]-Begin to evaluate the fitness
2022-06-23 15:11:52,295 INFO    : Begin to generate python files
2022-06-23 15:11:52,300 INFO    : Finish the generation of python files
2022-06-23 15:11:52,301 INFO    : Query fitness from cache
2022-06-23 15:11:52,301 INFO    : Total hit 0 individuals for fitness
2022-06-23 15:13:23,008 INFO    : *************************
2022-06-23 15:13:23,009 INFO    : Initialize from existing population data
2022-06-23 15:13:23,010 INFO    : Initialize from 0-th generation
2022-06-23 15:13:23,024 INFO    : EVOLVE[0-gen]-Begin to evaluate the fitness
2022-06-23 15:13:23,024 INFO    : Begin to generate python files
2022-06-23 15:13:23,030 INFO    : Finish the generation of python files
2022-06-23 15:13:23,030 INFO    : Query fitness from cache
2022-06-23 15:13:23,030 INFO    : Hit the cache for indi0000, key:25d44aa05e72754a62df9908034d642a5e19e5223f7e9325006215ba, acc:0.00000, assigned_acc:0.00000
2022-06-23 15:13:23,031 INFO    : Hit the cache for indi0001, key:be7bfc9bad2ea1169f3639d6e9a106d0f415b4ca25f5f440188c40b3, acc:0.00000, assigned_acc:0.00000
2022-06-23 15:13:23,031 INFO    : Hit the cache for indi0002, key:25db6555adfa74c11c044d3ffe88675172adf6c4d686b8a9486fb074, acc:0.00000, assigned_acc:0.00000
2022-06-23 15:13:23,031 INFO    : Total hit 3 individuals for fitness
2022-06-23 15:13:23,032 INFO    : indi0000 has inherited the fitness as 0.00000, no need to evaluate
2022-06-23 15:13:23,032 INFO    : indi0001 has inherited the fitness as 0.00000, no need to evaluate
2022-06-23 15:13:23,033 INFO    : indi0002 has inherited the fitness as 0.00000, no need to evaluate
2022-06-23 15:13:23,033 INFO    : None offspring has been evaluated
2022-06-23 15:13:23,034 INFO    : EVOLVE[0-gen]-Finish the evaluation
2022-06-23 15:13:23,034 INFO    : EVOLVE[1-gen]-Begin to crossover and mutation
2022-06-23 15:13:23,037 INFO    : Position 7 for indi0001, positions 8 for indi0000
2022-06-23 15:13:23,037 INFO    : Change the input channel of unit at 9 to 128 that is the output channel of unit at 7 in indi0000
2022-06-23 15:13:23,037 INFO    : CROSSOVER-2 offspring are generated, new:2, others:0
2022-06-23 15:13:23,039 INFO    : Do the ADD mutation for indi:indi0001
2022-06-23 15:13:23,039 INFO    : Mutation position occurs at 5
2022-06-23 15:13:23,039 INFO    : A DENSENET unit would be added due to the probability of 0.96
2022-06-23 15:13:23,039 INFO    : MUTATION-mutated individuals:1[ADD: 1,REMOVE: 0,ALTER: 0,RESNET_OUT_CHANNEL: 0, RESNET_AMOUNT: 0, DENSENET_AMOUNT: 0, POOLING_TYPE: 0, no_changes:1
2022-06-23 15:13:23,043 INFO    : EVOLVE[1-gen]-Finish crossover and mutation
2022-06-23 15:13:23,044 INFO    : EVOLVE[1-gen]-Begin to evaluate the fitness
2022-06-23 15:13:23,044 INFO    : Begin to generate python files
2022-06-23 15:13:23,048 INFO    : Finish the generation of python files
2022-06-23 15:13:23,049 INFO    : Query fitness from cache
2022-06-23 15:13:23,050 INFO    : Total hit 0 individuals for fitness
2022-06-23 15:13:37,176 INFO    : *************************
2022-06-23 15:13:37,176 INFO    : Initialize from existing population data
2022-06-23 15:13:37,177 INFO    : Initialize from 0-th generation
2022-06-23 15:13:37,192 INFO    : EVOLVE[0-gen]-Begin to evaluate the fitness
2022-06-23 15:13:37,192 INFO    : Begin to generate python files
2022-06-23 15:13:37,198 INFO    : Finish the generation of python files
2022-06-23 15:13:37,198 INFO    : Query fitness from cache
2022-06-23 15:13:37,199 INFO    : Hit the cache for indi0000, key:25d44aa05e72754a62df9908034d642a5e19e5223f7e9325006215ba, acc:0.00000, assigned_acc:0.00000
2022-06-23 15:13:37,199 INFO    : Hit the cache for indi0001, key:be7bfc9bad2ea1169f3639d6e9a106d0f415b4ca25f5f440188c40b3, acc:0.00000, assigned_acc:0.00000
2022-06-23 15:13:37,200 INFO    : Hit the cache for indi0002, key:25db6555adfa74c11c044d3ffe88675172adf6c4d686b8a9486fb074, acc:0.00000, assigned_acc:0.00000
2022-06-23 15:13:37,200 INFO    : Total hit 3 individuals for fitness
2022-06-23 15:13:37,200 INFO    : indi0000 has inherited the fitness as 0.00000, no need to evaluate
2022-06-23 15:13:37,201 INFO    : indi0001 has inherited the fitness as 0.00000, no need to evaluate
2022-06-23 15:13:37,201 INFO    : indi0002 has inherited the fitness as 0.00000, no need to evaluate
2022-06-23 15:13:37,201 INFO    : None offspring has been evaluated
2022-06-23 15:13:37,202 INFO    : EVOLVE[0-gen]-Finish the evaluation
2022-06-23 15:13:37,202 INFO    : EVOLVE[1-gen]-Begin to crossover and mutation
2022-06-23 15:13:37,205 WARNING : The 2-th try to find the position for do crossover
2022-06-23 15:13:37,205 WARNING : The 3-th try to find the position for do crossover
2022-06-23 15:13:37,205 WARNING : The 4-th try to find the position for do crossover
2022-06-23 15:13:37,205 WARNING : The 5-th try to find the position for do crossover
2022-06-23 15:13:37,205 WARNING : The 6-th try to find the position for do crossover
2022-06-23 15:13:37,206 INFO    : Position 0 for indi0002, positions 3 for indi0001
2022-06-23 15:13:37,206 WARNING : Crossovered individual#1 starts with a pooling layer, redo...
2022-06-23 15:13:37,206 INFO    : Position 1 for indi0002, positions 1 for indi0001
2022-06-23 15:13:37,206 INFO    : Change the input channel of unit at 1 to 83 that is the output channel of unit at 0 in indi0002
2022-06-23 15:13:37,206 INFO    : Change the input channel of unit at 5 to 63 that is the output channel of unit at 0 in indi0001
2022-06-23 15:13:37,206 INFO    : Due to the above change, unit at 5 changes its output channel from 264 to 263
2022-06-23 15:13:37,206 INFO    : Change the input channel of unit at 6 to 263 that is the output channel of unit at 0 in indi0001
2022-06-23 15:13:37,207 INFO    : CROSSOVER-2 offspring are generated, new:2, others:0
2022-06-23 15:13:37,208 INFO    : MUTATION-mutated individuals:0[ADD: 0,REMOVE: 0,ALTER: 0,RESNET_OUT_CHANNEL: 0, RESNET_AMOUNT: 0, DENSENET_AMOUNT: 0, POOLING_TYPE: 0, no_changes:2
2022-06-23 15:13:37,212 INFO    : EVOLVE[1-gen]-Finish crossover and mutation
2022-06-23 15:13:37,212 INFO    : EVOLVE[1-gen]-Begin to evaluate the fitness
2022-06-23 15:13:37,212 INFO    : Begin to generate python files
2022-06-23 15:13:37,217 INFO    : Finish the generation of python files
2022-06-23 15:13:37,217 INFO    : Query fitness from cache
2022-06-23 15:13:37,218 INFO    : Total hit 0 individuals for fitness
2022-06-23 15:14:37,390 INFO    : GPU_QUERY-GPU#0 is available, choose GPU#0
2022-06-23 15:14:37,391 INFO    : Begin to train indi0000
2022-06-23 15:21:27,096 INFO    : *************************
2022-06-23 15:21:46,496 INFO    : Initialize...
2022-06-23 15:47:25,729 INFO    : EVOLVE[0-gen]-Begin to evaluate the fitness
2022-06-23 15:47:33,776 INFO    : Begin to generate python files
2022-06-23 16:18:07,200 INFO    : *************************
2022-06-23 16:18:07,201 INFO    : Initialize from existing population data
2022-06-23 16:18:19,204 INFO    : *************************
2022-06-23 16:18:19,205 INFO    : Initialize...
2022-06-23 16:18:19,207 INFO    : EVOLVE[0-gen]-Begin to evaluate the fitness
2022-06-23 16:18:19,207 INFO    : Begin to generate python files
2022-06-23 16:18:19,228 INFO    : Finish the generation of python files
2022-06-23 16:18:19,228 INFO    : Query fitness from cache
2022-06-23 16:18:19,229 INFO    : Total hit 0 individuals for fitness
2022-06-23 16:20:09,535 INFO    : *************************
2022-06-23 16:20:09,536 INFO    : Initialize from existing population data
2022-06-23 16:20:09,536 INFO    : Initialize from 0-th generation
2022-06-23 16:20:09,543 INFO    : EVOLVE[0-gen]-Begin to evaluate the fitness
2022-06-23 16:20:09,543 INFO    : Begin to generate python files
2022-06-23 16:20:09,548 INFO    : Finish the generation of python files
2022-06-23 16:20:09,548 INFO    : Query fitness from cache
2022-06-23 16:20:09,548 INFO    : Total hit 0 individuals for fitness
2022-06-23 16:21:09,555 INFO    : Begin to train indi0000
2022-06-23 16:22:10,178 INFO    : Begin to train indi0001
2022-06-23 15:52:56,219 INFO    : *************************
2022-06-23 15:52:56,219 INFO    : Initialize...
2022-06-23 15:52:56,221 INFO    : EVOLVE[0-gen]-Begin to evaluate the fitness
2022-06-23 15:52:56,221 INFO    : Begin to generate python files
2022-06-23 15:52:56,230 INFO    : Finish the generation of python files
2022-06-23 15:52:56,230 INFO    : Query fitness from cache
2022-06-23 15:52:56,231 INFO    : Total hit 0 individuals for fitness
2022-06-23 15:53:56,291 INFO    : Begin to train indi0000
2022-06-23 15:58:08,834 INFO    : *************************
2022-06-23 15:58:08,835 INFO    : Initialize...
2022-06-23 15:58:08,837 INFO    : EVOLVE[0-gen]-Begin to evaluate the fitness
2022-06-23 15:58:08,837 INFO    : Begin to generate python files
2022-06-23 15:58:08,847 INFO    : Finish the generation of python files
2022-06-23 15:58:08,847 INFO    : Query fitness from cache
2022-06-23 15:58:08,848 INFO    : Total hit 0 individuals for fitness
2022-06-23 15:59:08,908 INFO    : Begin to train indi0000
2022-06-23 16:00:09,547 INFO    : Begin to train indi0001
2022-06-23 16:01:09,612 INFO    : Begin to train indi0002
2022-06-23 16:02:09,629 INFO    : Begin to train indi0003
2022-06-23 16:03:09,692 INFO    : Begin to train indi0004
2022-06-23 16:04:09,756 INFO    : Begin to train indi0005
2022-06-23 16:05:09,819 INFO    : Begin to train indi0006
2022-06-23 16:06:09,886 INFO    : Begin to train indi0007
2022-06-23 16:07:09,952 INFO    : Begin to train indi0008
2022-06-24 08:13:28,395 INFO    : *************************
2022-06-24 08:13:28,396 INFO    : Initialize from existing population data
2022-06-24 08:13:28,396 INFO    : Initialize from 0-th generation
2022-06-24 08:13:28,418 INFO    : EVOLVE[0-gen]-Begin to evaluate the fitness
2022-06-24 08:13:28,418 INFO    : Begin to generate python files
2022-06-24 08:13:28,450 INFO    : Finish the generation of python files
2022-06-24 08:13:28,450 INFO    : Query fitness from cache
2022-06-24 08:13:28,451 INFO    : Total hit 0 individuals for fitness
2022-06-24 08:13:28,451 INFO    : indi0000 has inherited the fitness as 0.00000, no need to evaluate
2022-06-24 08:13:28,451 INFO    : indi0001 has inherited the fitness as 0.00000, no need to evaluate
2022-06-24 08:13:28,451 INFO    : indi0002 has inherited the fitness as 0.00000, no need to evaluate
2022-06-24 08:13:28,452 INFO    : indi0003 has inherited the fitness as 0.00000, no need to evaluate
2022-06-24 08:13:28,452 INFO    : indi0004 has inherited the fitness as 0.00000, no need to evaluate
2022-06-24 08:13:28,452 INFO    : indi0005 has inherited the fitness as 0.00000, no need to evaluate
2022-06-24 08:13:28,452 INFO    : indi0006 has inherited the fitness as 0.00000, no need to evaluate
2022-06-24 08:14:28,513 INFO    : Begin to train indi0007
2022-06-24 08:21:18,875 INFO    : *************************
2022-06-24 08:21:18,876 INFO    : Initialize from existing population data
2022-06-24 08:21:18,876 INFO    : Initialize from 0-th generation
2022-06-24 08:21:18,898 INFO    : EVOLVE[0-gen]-Begin to evaluate the fitness
2022-06-24 08:21:18,898 INFO    : Begin to generate python files
2022-06-24 08:21:18,930 INFO    : Finish the generation of python files
2022-06-24 08:21:18,930 INFO    : Query fitness from cache
2022-06-24 08:21:18,931 INFO    : Total hit 0 individuals for fitness
2022-06-24 08:21:18,931 INFO    : indi0000 has inherited the fitness as 0.00000, no need to evaluate
2022-06-24 08:21:18,931 INFO    : indi0001 has inherited the fitness as 0.00000, no need to evaluate
2022-06-24 08:21:18,932 INFO    : indi0002 has inherited the fitness as 0.00000, no need to evaluate
2022-06-24 08:21:18,932 INFO    : indi0003 has inherited the fitness as 0.00000, no need to evaluate
2022-06-24 08:21:18,932 INFO    : indi0004 has inherited the fitness as 0.00000, no need to evaluate
2022-06-24 08:21:18,932 INFO    : indi0005 has inherited the fitness as 0.00000, no need to evaluate
2022-06-24 08:21:18,932 INFO    : indi0006 has inherited the fitness as 0.00000, no need to evaluate
2022-06-24 08:22:18,993 INFO    : Begin to train indi0007
2022-06-24 09:26:37,071 INFO    : *************************
2022-06-24 09:26:37,071 INFO    : Initialize...
2022-06-24 09:26:37,072 INFO    : EVOLVE[0-gen]-Begin to evaluate the fitness
2022-06-24 09:26:37,072 INFO    : Begin to generate python files
2022-06-24 09:26:37,075 INFO    : Finish the generation of python files
2022-06-24 09:26:37,075 INFO    : Query fitness from cache
2022-06-24 09:26:37,075 INFO    : Total hit 0 individuals for fitness
2022-06-24 09:27:37,136 INFO    : Begin to train indi0000
2022-06-24 09:28:37,779 INFO    : Begin to train indi0001
2023-04-07 16:16:25,290 INFO    : *************************
2023-04-07 16:16:25,291 INFO    : Initialize...
2023-04-07 16:16:25,297 INFO    : EVOLVE[0-gen]-Begin to evaluate the fitness
2023-04-07 16:16:25,297 INFO    : Begin to generate python files
2023-04-07 16:16:25,359 INFO    : Finish the generation of python files
2023-04-07 16:16:25,360 INFO    : Query fitness from cache
2023-04-07 16:16:25,361 INFO    : Total hit 0 individuals for fitness
2023-04-07 16:17:25,501 INFO    : GPU_QUERY-GPU#1 is available, choose GPU#1
2023-04-07 16:17:25,501 INFO    : Begin to train indi0000
2023-04-22 16:51:36,170 INFO    : *************************
2023-04-22 16:51:36,171 INFO    : Initialize population...
2023-04-22 16:51:36,174 INFO    : EVOLVE[0-gen]-Begin to evaluate the fitness
2023-04-22 16:51:36,174 INFO    : Begin to generate python files in evaluate.py line:16
2023-04-22 16:51:36,202 INFO    : Finish the generation of python files
2023-04-22 16:51:36,202 INFO    : Try to query fitness from cache from ./populations/cache.txt
2023-04-22 16:51:36,202 INFO    : Total hit 0 individuals for fitness
2023-04-22 16:51:46,334 INFO    : Begin to train indi0000
2023-04-22 16:51:57,895 INFO    : Begin to train indi0001
2023-04-22 16:52:07,872 INFO    : *************************
2023-04-22 16:52:07,873 INFO    : Initialize population...
2023-04-22 16:52:07,876 INFO    : EVOLVE[0-gen]-Begin to evaluate the fitness
2023-04-22 16:52:07,876 INFO    : Begin to generate python files in evaluate.py line:16
2023-04-22 16:52:07,900 INFO    : Finish the generation of python files
2023-04-22 16:52:07,900 INFO    : Try to query fitness from cache from ./populations/cache.txt
2023-04-22 16:52:07,901 INFO    : Total hit 0 individuals for fitness
2023-04-22 16:52:18,022 INFO    : Begin to train indi0000
2023-04-22 16:52:29,566 INFO    : Begin to train indi0001
2023-04-22 16:52:39,708 INFO    : Begin to train indi0002
2023-04-22 16:52:49,834 INFO    : Begin to train indi0003
2023-04-22 20:41:00,355 INFO    : *************************
2023-04-22 20:41:00,355 INFO    : Initialize population...
2023-04-22 20:41:00,359 INFO    : EVOLVE[0-gen]-Begin to evaluate the fitness
2023-04-22 20:41:00,359 INFO    : Begin to generate python files in evaluate.py line:16
2023-04-22 20:41:32,766 INFO    : *************************
2023-04-22 20:41:32,767 INFO    : Initialize population...
2023-04-22 20:41:32,770 INFO    : EVOLVE[0-gen]-Begin to evaluate the fitness
2023-04-22 20:41:32,770 INFO    : Begin to generate python files in evaluate.py line:16
2023-04-22 20:43:19,459 INFO    : *************************
2023-04-22 20:43:19,460 INFO    : Initialize population...
2023-04-22 20:43:19,463 INFO    : EVOLVE[0-gen]-Begin to evaluate the fitness
2023-04-22 20:43:19,463 INFO    : Begin to generate python files in evaluate.py line:16
2023-04-22 20:43:33,285 INFO    : *************************
2023-04-22 20:43:33,286 INFO    : Initialize population...
2023-04-22 20:43:33,289 INFO    : EVOLVE[0-gen]-Begin to evaluate the fitness
2023-04-22 20:43:33,289 INFO    : Begin to generate python files in evaluate.py line:16
2023-04-22 20:43:39,975 INFO    : *************************
2023-04-22 20:43:39,976 INFO    : Initialize population...
2023-04-22 20:43:39,979 INFO    : EVOLVE[0-gen]-Begin to evaluate the fitness
2023-04-22 20:43:39,980 INFO    : Begin to generate python files in evaluate.py line:16
2023-04-22 20:43:41,294 INFO    : *************************
2023-04-22 20:43:41,295 INFO    : Initialize population...
2023-04-22 20:43:41,298 INFO    : EVOLVE[0-gen]-Begin to evaluate the fitness
2023-04-22 20:43:41,298 INFO    : Begin to generate python files in evaluate.py line:16
2023-04-22 20:45:09,634 INFO    : *************************
2023-04-22 20:45:09,635 INFO    : Initialize population...
2023-04-22 20:45:09,638 INFO    : EVOLVE[0-gen]-Begin to evaluate the fitness
2023-04-22 20:45:09,638 INFO    : Begin to generate python files in evaluate.py line:16
2023-04-22 20:45:22,911 INFO    : *************************
2023-04-22 20:45:22,912 INFO    : Initialize population...
2023-04-22 20:45:22,915 INFO    : EVOLVE[0-gen]-Begin to evaluate the fitness
2023-04-22 20:45:22,915 INFO    : Begin to generate python files in evaluate.py line:16
2023-04-22 20:45:35,225 INFO    : *************************
2023-04-22 20:45:35,226 INFO    : Initialize population...
2023-04-22 20:45:35,231 INFO    : EVOLVE[0-gen]-Begin to evaluate the fitness
2023-04-22 20:45:35,231 INFO    : Begin to generate python files in evaluate.py line:16
2023-04-22 20:45:59,863 INFO    : *************************
2023-04-22 20:45:59,864 INFO    : Initialize population...
2023-04-22 20:45:59,866 INFO    : EVOLVE[0-gen]-Begin to evaluate the fitness
2023-04-22 20:45:59,867 INFO    : Begin to generate python files in evaluate.py line:16
2023-04-22 20:47:14,696 INFO    : *************************
2023-04-22 20:47:14,697 INFO    : Initialize population...
2023-04-22 20:47:14,700 INFO    : EVOLVE[0-gen]-Begin to evaluate the fitness
2023-04-22 20:47:14,700 INFO    : Begin to generate python files in evaluate.py line:16
2023-04-22 20:47:26,755 INFO    : *************************
2023-04-22 20:47:26,756 INFO    : Initialize population...
2023-04-22 20:47:26,759 INFO    : EVOLVE[0-gen]-Begin to evaluate the fitness
2023-04-22 20:47:26,759 INFO    : Begin to generate python files in evaluate.py line:16
2023-04-22 20:47:26,786 INFO    : Finish the generation of python files
2023-04-22 20:47:26,786 INFO    : Try to query fitness from cache from ./populations/cache.txt
2023-04-22 20:47:26,787 INFO    : Total hit 0 individuals for fitness
2023-04-22 20:47:36,908 INFO    : Begin to train indi0000
2023-04-22 20:47:48,426 INFO    : Begin to train indi0001
2023-04-22 20:48:38,195 INFO    : *************************
2023-04-22 20:48:38,196 INFO    : Initialize population...
2023-04-22 20:48:38,199 INFO    : EVOLVE[0-gen]-Begin to evaluate the fitness
2023-04-22 20:48:38,199 INFO    : Begin to generate python files in evaluate.py line:16
2023-04-22 20:48:38,225 INFO    : Finish the generation of python files
2023-04-22 20:48:38,225 INFO    : Try to query fitness from cache from ./populations/cache.txt
2023-04-22 20:48:38,226 INFO    : Total hit 0 individuals for fitness
2023-04-22 20:48:48,360 INFO    : Begin to train indi0000
2023-04-22 20:50:11,756 INFO    : *************************
2023-04-22 20:50:11,757 INFO    : Initialize population...
2023-04-22 20:50:11,760 INFO    : EVOLVE[0-gen]-Begin to evaluate the fitness
2023-04-22 20:50:11,760 INFO    : Begin to generate python files in evaluate.py line:16
2023-04-22 20:50:11,786 INFO    : Finish the generation of python files
2023-04-22 20:50:11,786 INFO    : Try to query fitness from cache from ./populations/cache.txt
2023-04-22 20:50:11,787 INFO    : Total hit 0 individuals for fitness
2023-04-22 20:50:21,885 INFO    : Begin to train indi0000
2023-04-22 20:59:51,134 INFO    : Begin to train indi0001
2023-04-22 21:07:51,949 INFO    : Begin to train indi0002
2023-04-22 21:22:57,651 INFO    : Begin to train indi0003
2023-04-22 21:35:55,338 INFO    : Begin to train indi0004
2023-04-22 21:43:20,087 INFO    : Begin to train indi0005
2023-04-22 21:51:31,059 INFO    : Begin to train indi0006
2023-04-22 21:54:04,405 INFO    : Begin to train indi0007
2023-04-22 22:34:23,283 INFO    : Begin to train indi0008
2023-04-22 22:48:26,890 INFO    : Begin to train indi0009
2023-04-22 22:53:59,239 INFO    : Begin to train indi0010
2023-04-22 23:05:29,657 INFO    : Begin to train indi0011
2023-04-22 23:33:22,320 INFO    : Begin to train indi0012
2023-04-23 10:22:16,672 INFO    : *************************
2023-04-23 10:22:16,674 INFO    : Initialize population...
2023-04-23 10:22:16,679 INFO    : EVOLVE[0-gen]-Begin to evaluate the fitness
2023-04-23 10:22:16,679 INFO    : Begin to generate python files in evaluate.py line:16
2023-04-23 10:22:16,760 INFO    : Finish the generation of python files
2023-04-23 10:22:16,760 INFO    : Try to query fitness from cache from ./populations/cache.txt
2023-04-23 10:22:16,762 INFO    : Total hit 0 individuals for fitness
2023-04-23 10:22:26,893 INFO    : Begin to train indi0000
2023-04-23 10:55:12,547 INFO    : *************************
2023-04-23 10:55:12,548 INFO    : Initialize population...
2023-04-23 10:55:12,551 INFO    : EVOLVE[0-gen]-Begin to evaluate the fitness
2023-04-23 10:55:12,551 INFO    : Begin to generate python files in evaluate.py line:16
2023-04-23 10:55:12,577 INFO    : Finish the generation of python files
2023-04-23 10:55:12,577 INFO    : Try to query fitness from cache from ./populations/cache.txt
2023-04-23 10:55:12,577 INFO    : Total hit 0 individuals for fitness
2023-04-23 10:55:22,715 INFO    : Begin to train indi0000
2023-04-23 10:57:47,657 INFO    : Begin to train indi0001
2023-04-23 11:48:52,522 INFO    : *************************
2023-04-23 11:48:52,523 INFO    : Initialize population...
2023-04-23 11:48:52,526 INFO    : EVOLVE[0-gen]-Begin to evaluate the fitness
2023-04-23 11:48:52,526 INFO    : Begin to generate python files in evaluate.py line:16
2023-04-23 11:48:52,553 INFO    : Finish the generation of python files
2023-04-23 11:48:52,553 INFO    : Try to query fitness from cache from ./populations/cache.txt
2023-04-23 11:48:52,553 INFO    : Total hit 0 individuals for fitness
2023-04-23 11:49:02,681 INFO    : Begin to train indi0000
2023-04-23 11:51:52,673 INFO    : *************************
2023-04-23 11:51:52,673 INFO    : Initialize population...
2023-04-23 11:51:52,677 INFO    : EVOLVE[0-gen]-Begin to evaluate the fitness
2023-04-23 11:51:52,677 INFO    : Begin to generate python files in evaluate.py line:16
2023-04-23 11:51:52,703 INFO    : Finish the generation of python files
2023-04-23 11:51:52,703 INFO    : Try to query fitness from cache from ./populations/cache.txt
2023-04-23 11:51:52,703 INFO    : Total hit 0 individuals for fitness
2023-04-23 11:52:02,844 INFO    : Begin to train indi0000
2023-04-23 11:53:20,960 INFO    : Begin to train indi0001
2023-04-23 11:53:35,763 INFO    : *************************
2023-04-23 11:53:35,764 INFO    : Initialize population...
2023-04-23 11:53:35,767 INFO    : EVOLVE[0-gen]-Begin to evaluate the fitness
2023-04-23 11:53:35,767 INFO    : Begin to generate python files in evaluate.py line:16
2023-04-23 11:53:35,793 INFO    : Finish the generation of python files
2023-04-23 11:53:35,793 INFO    : Try to query fitness from cache from ./populations/cache.txt
2023-04-23 11:53:35,794 INFO    : Total hit 0 individuals for fitness
2023-04-23 11:53:45,936 INFO    : Begin to train indi0000
2023-04-23 12:04:27,688 INFO    : Begin to train indi0001
2023-04-23 12:06:25,257 INFO    : Begin to train indi0002
2023-04-23 12:19:54,135 INFO    : Begin to train indi0003
2023-04-23 12:36:11,881 INFO    : Begin to train indi0004
2023-04-23 13:02:02,671 INFO    : Begin to train indi0005
2023-04-23 13:27:12,190 INFO    : Begin to train indi0006
2023-04-23 13:32:44,917 INFO    : Begin to train indi0007
2023-04-23 13:41:16,783 INFO    : Begin to train indi0008
2023-04-23 13:51:51,504 INFO    : Begin to train indi0009
2023-04-23 14:10:01,809 INFO    : Begin to train indi0010
2023-04-23 14:10:11,925 INFO    : Begin to train indi0011
2023-04-23 14:11:54,184 INFO    : Begin to train indi0012
2023-04-23 14:32:43,168 INFO    : Begin to train indi0013
2023-04-23 14:49:26,572 INFO    : Begin to train indi0014
2023-04-23 14:56:11,061 INFO    : Begin to train indi0015
2023-04-23 15:04:17,429 INFO    : Begin to train indi0016
2023-04-23 15:23:49,865 INFO    : Begin to train indi0017
2023-04-23 15:38:50,776 INFO    : Begin to train indi0018
2023-04-23 15:40:27,953 INFO    : Begin to train indi0019
2023-04-23 15:40:58,074 INFO    : GPU_QUERY-No available GPU
2023-04-23 15:41:28,197 INFO    : GPU_QUERY-No available GPU
2023-04-23 15:41:58,312 INFO    : GPU_QUERY-No available GPU
2023-04-23 15:42:28,435 INFO    : GPU_QUERY-No available GPU
2023-04-23 15:42:58,567 INFO    : GPU_QUERY-No available GPU
2023-04-23 15:43:28,685 INFO    : GPU_QUERY-No available GPU
2023-04-23 15:43:58,796 INFO    : GPU_QUERY-No available GPU
2023-04-23 15:44:28,933 INFO    : GPU_QUERY-No available GPU
2023-04-23 15:44:59,045 INFO    : GPU_QUERY-No available GPU
2023-04-23 15:45:29,164 INFO    : GPU_QUERY-No available GPU
2023-04-23 15:45:59,286 INFO    : GPU_QUERY-No available GPU
2023-04-23 15:46:29,394 INFO    : GPU_QUERY-No available GPU
2023-04-23 15:46:59,502 INFO    : GPU_QUERY-No available GPU
2023-04-23 15:47:29,614 INFO    : GPU_QUERY-No available GPU
2023-04-23 15:47:59,729 INFO    : GPU_QUERY-No available GPU
2023-04-23 15:48:29,845 INFO    : GPU_QUERY-No available GPU
2023-04-23 15:48:59,978 INFO    : GPU_QUERY-No available GPU
2023-04-23 15:49:30,090 INFO    : GPU_QUERY-No available GPU
2023-04-23 15:50:00,200 INFO    : GPU_QUERY-No available GPU
2023-04-23 15:50:30,310 INFO    : GPU_QUERY-No available GPU
2023-04-23 15:51:00,436 INFO    : GPU_QUERY-No available GPU
2023-04-23 15:51:30,549 INFO    : GPU_QUERY-No available GPU
2023-04-23 15:52:00,661 INFO    : GPU_QUERY-No available GPU
2023-04-23 15:52:30,777 INFO    : GPU_QUERY-No available GPU
2023-04-23 15:53:00,898 INFO    : GPU_QUERY-No available GPU
2023-04-23 15:53:31,006 INFO    : GPU_QUERY-No available GPU
2023-04-23 15:54:01,117 INFO    : GPU_QUERY-No available GPU
2023-04-23 15:54:31,252 INFO    : GPU_QUERY-No available GPU
2023-04-23 15:55:01,375 INFO    : GPU_QUERY-No available GPU
2023-04-23 15:55:31,487 INFO    : GPU_QUERY-No available GPU
2023-04-23 15:56:01,609 INFO    : GPU_QUERY-No available GPU
2023-04-23 15:56:31,733 INFO    : GPU_QUERY-No available GPU
2023-04-23 15:57:01,843 INFO    : GPU_QUERY-No available GPU
2023-04-23 15:57:31,964 INFO    : GPU_QUERY-No available GPU
2023-04-23 15:58:02,077 INFO    : GPU_QUERY-No available GPU
2023-04-23 15:58:32,178 INFO    : GPU_QUERY-No available GPU
2023-04-23 15:59:02,282 INFO    : GPU_QUERY-No available GPU
2023-04-23 15:59:32,406 INFO    : GPU_QUERY-No available GPU
2023-04-23 16:00:02,542 INFO    : GPU_QUERY-GPU#1 is available
2023-04-23 16:00:32,674 INFO    : GPU_QUERY-GPU#1 is available
2023-04-23 16:01:02,798 INFO    : GPU_QUERY-GPU#1 is available
2023-04-23 16:01:32,922 INFO    : GPU_QUERY-GPU#1 is available
2023-04-23 16:02:03,033 INFO    : GPU_QUERY-GPU#1 is available
2023-04-23 16:02:33,168 INFO    : GPU_QUERY-GPU#1 is available
2023-04-23 16:03:03,292 INFO    : GPU_QUERY-GPU#1 is available
2023-04-23 16:03:33,424 INFO    : GPU_QUERY-GPU#1 is available
2023-04-23 16:04:03,554 INFO    : GPU_QUERY-GPU#1 is available
2023-04-23 16:04:33,684 INFO    : GPU_QUERY-GPU#1 is available
2023-04-23 16:05:03,810 INFO    : GPU_QUERY-GPU#1 is available
2023-04-23 16:05:33,942 INFO    : GPU_QUERY-GPU#1 is available
2023-04-23 16:06:04,074 INFO    : GPU_QUERY-GPU#1 is available
2023-04-23 16:06:34,192 INFO    : GPU_QUERY-GPU#1 is available
2023-04-23 16:07:04,326 INFO    : GPU_QUERY-GPU#1 is available
2023-04-23 16:07:34,437 INFO    : GPU_QUERY-GPU#1 is available
2023-04-23 16:08:04,565 INFO    : GPU_QUERY-GPU#1 is available
2023-04-23 16:08:34,672 INFO    : GPU_QUERY-GPU#1 is available
2023-04-23 16:09:04,788 INFO    : GPU_QUERY-GPU#1 is available
2023-04-23 16:09:34,884 INFO    : GPU_QUERY-GPU#1 is available
2023-04-23 16:10:05,035 INFO    : GPU_QUERY-GPU#1 is available
2023-04-23 16:10:35,149 INFO    : GPU_QUERY-GPU#1 is available
2023-04-23 16:11:05,258 INFO    : GPU_QUERY-GPU#1 is available
2023-04-23 16:11:35,383 INFO    : GPU_QUERY-GPU#1 is available
2023-04-23 16:12:05,492 INFO    : GPU_QUERY-GPU#1 is available
2023-04-23 16:12:35,623 INFO    : GPU_QUERY-GPU#1 is available
2023-04-23 16:13:05,755 INFO    : GPU_QUERY-GPU#1 is available
2023-04-23 16:13:35,888 INFO    : GPU_QUERY-GPU#1 is available
2023-04-23 16:14:06,018 INFO    : GPU_QUERY-GPU#1 is available
2023-04-23 16:14:36,147 INFO    : GPU_QUERY-GPU#1 is available
2023-04-23 16:15:06,277 INFO    : GPU_QUERY-GPU#1 is available
2023-04-23 16:15:36,407 INFO    : GPU_QUERY-GPU#1 is available
2023-04-23 16:16:06,538 INFO    : GPU_QUERY-GPU#1 is available
2023-04-23 16:16:36,670 INFO    : GPU_QUERY-GPU#1 is available
2023-04-23 16:17:06,797 INFO    : GPU_QUERY-GPU#1 is available
2023-04-23 16:17:36,925 INFO    : GPU_QUERY-GPU#1 is available
2023-04-23 16:18:07,038 INFO    : GPU_QUERY-GPU#1 is available
2023-04-23 16:18:37,174 INFO    : GPU_QUERY-GPU#1 is available
2023-04-23 16:19:07,280 INFO    : GPU_QUERY-GPU#1 is available
2023-04-23 16:19:37,378 INFO    : GPU_QUERY-GPU#1 is available
2023-04-23 16:20:07,493 INFO    : GPU_QUERY-GPU#1 is available
2023-04-23 16:20:37,621 INFO    : GPU_QUERY-GPU#1 is available
2023-04-23 16:21:07,745 INFO    : GPU_QUERY-GPU#1 is available
2023-04-23 16:21:37,887 INFO    : GPU_QUERY-GPU#1 is available
2023-04-23 16:22:08,003 INFO    : GPU_QUERY-GPU#1 is available
2023-04-23 16:22:38,132 INFO    : GPU_QUERY-GPU#1 is available
2023-04-23 16:23:08,246 INFO    : GPU_QUERY-GPU#1 is available
2023-04-23 16:23:38,375 INFO    : GPU_QUERY-GPU#1 is available
2023-04-23 16:24:08,506 INFO    : GPU_QUERY-GPU#1 is available
2023-04-23 16:24:38,629 INFO    : GPU_QUERY-GPU#1 is available
2023-04-23 16:25:08,765 INFO    : GPU_QUERY-GPU#1 is available
2023-04-23 16:25:38,889 INFO    : GPU_QUERY-GPU#1 is available
2023-04-23 16:26:09,018 INFO    : GPU_QUERY-GPU#1 is available
2023-04-23 16:26:39,153 INFO    : GPU_QUERY-GPU#1 is available
2023-04-23 16:27:09,258 INFO    : GPU_QUERY-GPU#1 is available
2023-04-23 16:27:39,363 INFO    : GPU_QUERY-GPU#1 is available
2023-04-23 16:28:09,499 INFO    : GPU_QUERY-GPU#1 is available
2023-04-23 16:28:39,634 INFO    : GPU_QUERY-GPU#1 is available
2023-04-23 16:29:09,762 INFO    : GPU_QUERY-GPU#1 is available
2023-04-23 16:29:39,895 INFO    : GPU_QUERY-GPU#1 is available
2023-04-23 16:30:10,028 INFO    : GPU_QUERY-GPU#1 is available
2023-04-23 16:30:40,135 INFO    : GPU_QUERY-GPU#1 is available
2023-04-23 16:31:10,253 INFO    : GPU_QUERY-GPU#1 is available
2023-04-23 16:31:40,367 INFO    : GPU_QUERY-GPU#1 is available
2023-04-23 16:32:10,490 INFO    : GPU_QUERY-GPU#1 is available
2023-04-23 16:32:40,613 INFO    : GPU_QUERY-GPU#1 is available
2023-04-23 16:33:10,738 INFO    : GPU_QUERY-GPU#1 is available
2023-04-23 16:33:40,879 INFO    : GPU_QUERY-GPU#1 is available
2023-04-23 16:34:10,995 INFO    : GPU_QUERY-GPU#1 is available
2023-04-23 16:34:41,111 INFO    : GPU_QUERY-GPU#1 is available
2023-04-23 16:35:11,232 INFO    : GPU_QUERY-GPU#1 is available
2023-04-23 16:35:41,344 INFO    : GPU_QUERY-GPU#1 is available
2023-04-23 16:36:11,475 INFO    : GPU_QUERY-GPU#1 is available
2023-04-23 16:36:41,597 INFO    : GPU_QUERY-GPU#1 is available
2023-04-23 16:37:11,723 INFO    : GPU_QUERY-GPU#1 is available
2023-04-23 16:37:41,831 INFO    : GPU_QUERY-GPU#1 is available
2023-04-23 16:38:11,941 INFO    : GPU_QUERY-GPU#1 is available
2023-04-23 16:38:42,063 INFO    : GPU_QUERY-GPU#1 is available
2023-04-23 16:39:12,186 INFO    : GPU_QUERY-GPU#1 is available
2023-04-23 16:39:42,303 INFO    : GPU_QUERY-GPU#1 is available
2023-04-23 16:40:12,435 INFO    : GPU_QUERY-GPU#1 is available
2023-04-23 16:40:42,565 INFO    : GPU_QUERY-GPU#1 is available
2023-04-23 16:41:12,670 INFO    : GPU_QUERY-GPU#1 is available
2023-04-23 16:41:42,816 INFO    : GPU_QUERY-GPU#1 is available
2023-04-23 16:42:12,955 INFO    : GPU_QUERY-GPU#1 is available
2023-04-23 16:42:43,088 INFO    : GPU_QUERY-GPU#1 is available
2023-04-23 16:43:13,221 INFO    : GPU_QUERY-GPU#1 is available
2023-04-23 16:43:43,353 INFO    : GPU_QUERY-GPU#1 is available
2023-04-23 16:44:13,474 INFO    : GPU_QUERY-GPU#1 is available
2023-04-23 16:44:43,610 INFO    : GPU_QUERY-GPU#1 is available
2023-04-23 16:45:13,732 INFO    : GPU_QUERY-GPU#1 is available
2023-04-23 16:45:43,861 INFO    : GPU_QUERY-GPU#1 is available
2023-04-23 16:46:13,994 INFO    : GPU_QUERY-GPU#1 is available
2023-04-23 16:46:44,122 INFO    : GPU_QUERY-GPU#1 is available
2023-04-23 16:47:14,263 INFO    : GPU_QUERY-GPU#1 is available
2023-04-23 16:47:44,392 INFO    : GPU_QUERY-GPU#1 is available
2023-04-23 16:48:14,516 INFO    : GPU_QUERY-GPU#1 is available
2023-04-23 16:48:44,648 INFO    : GPU_QUERY-GPU#1 is available
2023-04-23 16:49:14,773 INFO    : GPU_QUERY-GPU#1 is available
2023-04-23 16:49:44,898 INFO    : GPU_QUERY-GPU#1 is available
2023-04-23 16:50:15,032 INFO    : GPU_QUERY-GPU#1 is available
2023-04-23 16:50:45,162 INFO    : GPU_QUERY-GPU#1 is available
2023-04-23 16:51:15,297 INFO    : GPU_QUERY-GPU#1 is available
2023-04-23 16:51:45,429 INFO    : GPU_QUERY-GPU#1 is available
2023-04-23 16:52:15,584 INFO    : GPU_QUERY-GPU#1 is available
2023-04-23 16:52:45,708 INFO    : GPU_QUERY-GPU#1 is available
2023-04-23 16:53:15,836 INFO    : GPU_QUERY-GPU#1 is available
2023-04-23 16:53:45,985 INFO    : GPU_QUERY-GPU#1 is available
2023-04-23 16:54:16,116 INFO    : GPU_QUERY-GPU#1 is available
2023-04-23 16:54:46,252 INFO    : GPU_QUERY-GPU#1 is available
2023-04-23 16:55:16,403 INFO    : GPU_QUERY-GPU#1 is available
2023-04-23 16:55:46,518 INFO    : GPU_QUERY-GPU#1 is available
2023-04-23 16:56:16,637 INFO    : GPU_QUERY-GPU#1 is available
2023-04-23 16:56:46,769 INFO    : GPU_QUERY-GPU#1 is available
2023-04-23 16:57:16,893 INFO    : GPU_QUERY-GPU#1 is available
2023-04-23 16:57:47,028 INFO    : GPU_QUERY-GPU#1 is available
2023-04-23 16:58:17,158 INFO    : GPU_QUERY-GPU#1 is available
2023-04-23 16:58:47,299 INFO    : GPU_QUERY-GPU#1 is available
2023-04-23 16:59:17,449 INFO    : GPU_QUERY-GPU#1 is available
2023-04-23 16:59:47,579 INFO    : GPU_QUERY-GPU#1 is available
2023-04-23 17:00:17,710 INFO    : GPU_QUERY-GPU#1 is available
2023-04-23 17:00:47,831 INFO    : GPU_QUERY-GPU#1 is available
2023-04-23 17:01:17,969 INFO    : GPU_QUERY-GPU#1 is available
2023-04-23 17:01:48,118 INFO    : GPU_QUERY-GPU#1 is available
2023-04-23 17:02:18,250 INFO    : GPU_QUERY-GPU#1 is available
2023-04-23 17:02:48,383 INFO    : GPU_QUERY-GPU#1 is available
2023-04-23 17:03:18,516 INFO    : GPU_QUERY-GPU#1 is available
2023-04-23 17:03:48,652 INFO    : GPU_QUERY-GPU#1 is available
2023-04-23 17:04:18,761 INFO    : GPU_QUERY-GPU#1 is available
2023-04-23 17:04:48,890 INFO    : GPU_QUERY-GPU#1 is available
2023-04-23 17:10:14,612 INFO    : *************************
2023-04-23 17:10:14,613 INFO    : Initialize population...
2023-04-23 17:10:14,614 INFO    : EVOLVE[0-gen]-Begin to evaluate the fitness
2023-04-23 17:10:14,614 INFO    : Begin to generate python files in evaluate.py line:16
2023-04-23 17:11:13,316 INFO    : *************************
2023-04-23 17:11:13,317 INFO    : Initialize population...
2023-04-23 17:11:13,318 INFO    : EVOLVE[0-gen]-Begin to evaluate the fitness
2023-04-23 17:11:13,318 INFO    : Begin to generate python files in evaluate.py line:16
2023-04-23 17:11:13,321 INFO    : Finish the generation of python files
2023-04-23 17:11:13,321 INFO    : Try to query fitness from cache from ./populations/cache.txt
2023-04-23 17:11:13,321 INFO    : Total hit 0 individuals for fitness
2023-04-23 17:11:21,191 INFO    : *************************
2023-04-23 17:11:21,193 INFO    : Initialize population...
2023-04-23 17:11:21,195 INFO    : EVOLVE[0-gen]-Begin to evaluate the fitness
2023-04-23 17:11:21,195 INFO    : Begin to generate python files in evaluate.py line:16
2023-04-23 17:11:21,199 INFO    : Finish the generation of python files
2023-04-23 17:11:21,199 INFO    : Try to query fitness from cache from ./populations/cache.txt
2023-04-23 17:11:21,200 INFO    : Total hit 0 individuals for fitness
2023-04-23 17:11:31,327 INFO    : Begin to train indi0000
2023-04-23 17:12:50,217 INFO    : Begin to train indi0001
2023-04-23 17:13:20,364 INFO    : GPU_QUERY-No available GPU
2023-04-23 17:13:50,495 INFO    : GPU_QUERY-No available GPU
2023-04-23 17:14:20,629 INFO    : GPU_QUERY-GPU#1 is available
2023-04-23 17:14:50,760 INFO    : GPU_QUERY-GPU#1 is available
2023-04-23 17:15:20,886 INFO    : GPU_QUERY-GPU#1 is available
2023-04-23 17:15:51,018 INFO    : GPU_QUERY-GPU#1 is available
2023-04-23 17:16:21,144 INFO    : GPU_QUERY-GPU#1 is available
